TN:
SF:src/presentation/helpers/http-response.js
FN:7,badRequest
FN:14,serverError
FN:22,unauthorizedError
FN:29,ok
FNF:4
FNH:4
FNDA:2,badRequest
FNDA:5,serverError
FNDA:1,unauthorizedError
FNDA:2,ok
DA:1,1
DA:2,1
DA:3,1
DA:4,1
DA:5,1
DA:6,1
DA:7,1
DA:8,2
DA:9,2
DA:10,2
DA:11,2
DA:12,2
DA:13,1
DA:14,1
DA:15,5
DA:16,5
DA:17,5
DA:18,5
DA:19,5
DA:20,5
DA:21,1
DA:22,1
DA:23,1
DA:24,1
DA:25,1
DA:26,1
DA:27,1
DA:28,1
DA:29,1
DA:30,2
DA:31,2
DA:32,2
DA:33,2
DA:34,2
DA:35,1
LF:35
LH:35
BRDA:7,0,0,2
BRDA:14,1,0,5
BRDA:22,2,0,1
BRDA:29,3,0,2
BRF:4
BRH:4
end_of_record
TN:
SF:src/presentation/helpers/missing-param-error.js
FN:2,MissingParamError
FNF:1
FNH:1
FNDA:4,MissingParamError
DA:1,1
DA:2,1
DA:3,4
DA:4,4
DA:5,4
DA:6,1
LF:6
LH:6
BRDA:2,0,0,4
BRF:1
BRH:1
end_of_record
TN:
SF:src/presentation/helpers/server-error.js
FN:2,ServerError
FNF:1
FNH:1
FNDA:10,ServerError
DA:1,1
DA:2,1
DA:3,10
DA:4,10
DA:5,10
DA:6,1
LF:6
LH:6
BRDA:2,0,0,10
BRF:1
BRH:1
end_of_record
TN:
SF:src/presentation/helpers/unauthorized-error.js
FN:2,UnauthorizedError
FNF:1
FNH:1
FNDA:2,UnauthorizedError
DA:1,1
DA:2,1
DA:3,2
DA:4,2
DA:5,2
DA:6,1
LF:6
LH:6
BRDA:2,0,0,2
BRF:1
BRH:1
end_of_record
TN:
SF:src/presentation/routers/login-router.js
FN:4,LoginRouter
FN:7,route
FNF:2
FNH:2
FNDA:10,LoginRouter
FNDA:10,route
DA:1,1
DA:2,1
DA:3,1
DA:4,1
DA:5,10
DA:6,10
DA:7,1
DA:8,10
DA:9,10
DA:10,10
DA:11,10
DA:12,1
DA:13,1
DA:14,7
DA:15,10
DA:16,1
DA:17,1
DA:18,6
DA:19,6
DA:20,10
DA:21,1
DA:22,1
DA:23,2
DA:24,2
DA:25,2
DA:26,10
DA:27,5
DA:28,5
DA:29,5
DA:30,10
DA:31,1
LF:31
LH:31
BRDA:4,0,0,10
BRDA:7,1,0,10
BRDA:11,2,0,1
BRDA:13,3,0,7
BRDA:15,4,0,1
BRDA:17,5,0,6
BRDA:19,6,0,3
BRDA:20,7,0,1
BRDA:22,8,0,2
BRDA:26,9,0,5
BRF:10
BRH:10
end_of_record
