TN:
SF:src/domain/usecases/auth-use-case.js
FN:4,AuthUseCase
FN:10,auth
FNF:2
FNH:2
FNDA:22,AuthUseCase
FNDA:22,auth
DA:1,1
DA:2,1
DA:3,1
DA:4,1
DA:5,22
DA:6,22
DA:7,22
DA:8,22
DA:9,22
DA:10,1
DA:11,22
DA:12,1
DA:13,1
DA:14,22
DA:15,1
DA:16,1
DA:17,20
DA:18,22
DA:19,22
DA:20,22
DA:21,11
DA:22,8
DA:23,5
DA:24,5
DA:25,2
DA:26,2
DA:27,1
LF:27
LH:27
BRDA:4,0,0,22
BRDA:10,1,0,22
BRDA:11,2,0,1
BRDA:13,3,0,21
BRDA:14,4,0,1
BRDA:16,5,0,20
BRDA:18,6,0,16
BRDA:18,7,0,15
BRDA:20,8,0,11
BRDA:22,9,0,8
BRDA:23,10,0,5
BRDA:24,11,0,2
BRF:12
BRH:12
end_of_record
TN:
SF:src/infra/helpers/mongo-helper.js
FN:4,connect
FN:13,disconnect
FN:19,getCollection
FNF:3
FNH:3
FNDA:4,connect
FNDA:4,disconnect
FNDA:6,getCollection
DA:1,1
DA:2,1
DA:3,1
DA:4,1
DA:5,4
DA:6,4
DA:7,4
DA:8,4
DA:9,4
DA:10,4
DA:11,1
DA:12,1
DA:13,1
DA:14,4
DA:15,4
DA:16,4
DA:17,1
DA:18,1
DA:19,1
DA:20,6
DA:21,1
DA:22,1
DA:23,6
DA:24,6
DA:25,1
LF:25
LH:25
BRDA:4,0,0,4
BRDA:13,1,0,4
BRDA:19,2,0,6
BRDA:20,3,0,1
BRF:4
BRH:4
end_of_record
TN:
SF:src/infra/repositories/load-user-by-email-repository.js
FN:6,load
FNF:1
FNH:1
FNDA:3,load
DA:1,1
DA:2,1
DA:3,1
DA:4,1
DA:5,1
DA:6,1
DA:7,3
DA:8,2
DA:9,2
DA:10,2
DA:11,2
DA:12,2
DA:13,1
LF:13
LH:13
BRDA:6,0,0,3
BRDA:7,1,0,1
BRDA:8,2,0,2
BRF:3
BRH:3
end_of_record
TN:
SF:src/infra/repositories/update-access-token-repository.js
FN:6,update
FNF:1
FNH:1
FNDA:3,update
DA:1,1
DA:2,1
DA:3,1
DA:4,1
DA:5,1
DA:6,1
DA:7,3
DA:8,3
DA:9,1
DA:10,1
DA:11,1
DA:12,1
DA:13,1
DA:14,1
DA:15,1
DA:16,1
DA:17,1
DA:18,1
DA:19,1
LF:19
LH:19
BRDA:6,0,0,3
BRDA:7,1,0,1
BRDA:8,2,0,2
BRDA:8,3,0,1
BRF:4
BRH:4
end_of_record
TN:
SF:src/presentation/errors/index.js
FNF:0
FNH:0
DA:1,1
DA:2,1
DA:3,1
DA:4,1
DA:5,1
DA:6,1
DA:7,1
LF:7
LH:7
BRF:0
BRH:0
end_of_record
TN:
SF:src/presentation/errors/server-error.js
FN:2,ServerError
FNF:1
FNH:1
FNDA:18,ServerError
DA:1,1
DA:2,1
DA:3,18
DA:4,18
DA:5,18
DA:6,1
LF:6
LH:6
BRDA:2,0,0,18
BRF:1
BRH:1
end_of_record
TN:
SF:src/presentation/errors/unauthorized-error.js
FN:2,UnauthorizedError
FNF:1
FNH:1
FNDA:2,UnauthorizedError
DA:1,1
DA:2,1
DA:3,2
DA:4,2
DA:5,2
DA:6,1
LF:6
LH:6
BRDA:2,0,0,2
BRF:1
BRH:1
end_of_record
TN:
SF:src/presentation/helpers/http-response.js
FN:5,badRequest
FN:12,serverError
FN:20,unauthorizedError
FN:27,ok
FNF:4
FNH:4
FNDA:3,badRequest
FNDA:9,serverError
FNDA:1,unauthorizedError
FNDA:3,ok
DA:1,1
DA:2,1
DA:3,1
DA:4,1
DA:5,1
DA:6,3
DA:7,3
DA:8,3
DA:9,3
DA:10,3
DA:11,1
DA:12,1
DA:13,9
DA:14,9
DA:15,9
DA:16,9
DA:17,9
DA:18,9
DA:19,1
DA:20,1
DA:21,1
DA:22,1
DA:23,1
DA:24,1
DA:25,1
DA:26,1
DA:27,1
DA:28,3
DA:29,3
DA:30,3
DA:31,3
DA:32,3
DA:33,1
LF:33
LH:33
BRDA:5,0,0,3
BRDA:12,1,0,9
BRDA:20,2,0,1
BRDA:27,3,0,3
BRF:4
BRH:4
end_of_record
TN:
SF:src/presentation/routers/login-router.js
FN:8,LoginRouter
FN:12,route
FNF:2
FNH:2
FNDA:16,LoginRouter
FNDA:16,route
DA:1,1
DA:2,1
DA:3,1
DA:4,1
DA:5,1
DA:6,1
DA:7,1
DA:8,1
DA:9,16
DA:10,16
DA:11,16
DA:12,1
DA:13,16
DA:14,16
DA:15,16
DA:16,16
DA:17,16
DA:18,16
DA:19,1
DA:20,1
DA:21,13
DA:22,16
DA:23,1
DA:24,1
DA:25,5
DA:26,16
DA:27,1
DA:28,1
DA:29,4
DA:30,4
DA:31,16
DA:32,1
DA:33,1
DA:34,3
DA:35,3
DA:36,3
DA:37,16
DA:38,9
DA:39,9
DA:40,9
DA:41,9
DA:42,16
DA:43,1
LF:43
LH:43
BRDA:8,0,0,16
BRDA:12,1,0,16
BRDA:18,2,0,1
BRDA:20,3,0,13
BRDA:22,4,0,1
BRDA:24,5,0,5
BRDA:26,6,0,1
BRDA:28,7,0,4
BRDA:31,8,0,1
BRDA:33,9,0,3
BRDA:37,10,0,9
BRF:11
BRH:11
end_of_record
TN:
SF:src/utils/errors/index.js
FNF:0
FNH:0
DA:1,1
DA:2,1
DA:3,1
DA:4,1
DA:5,1
DA:6,1
DA:7,1
LF:7
LH:7
BRF:0
BRH:0
end_of_record
TN:
SF:src/utils/errors/invalid-param-error.js
FN:2,InvalidaParamError
FNF:1
FNH:1
FNDA:2,InvalidaParamError
DA:1,1
DA:2,1
DA:3,2
DA:4,2
DA:5,2
DA:6,1
LF:6
LH:6
BRDA:2,0,0,2
BRF:1
BRH:1
end_of_record
TN:
SF:src/utils/errors/missing-param-error.js
FN:2,MissingParamError
FNF:1
FNH:1
FNDA:24,MissingParamError
DA:1,1
DA:2,1
DA:3,24
DA:4,24
DA:5,24
DA:6,1
LF:6
LH:6
BRDA:2,0,0,24
BRF:1
BRH:1
end_of_record
TN:
SF:src/utils/helpers/email-validator.js
FN:5,isValid
FNF:1
FNH:1
FNDA:4,isValid
DA:1,1
DA:2,1
DA:3,1
DA:4,1
DA:5,1
DA:6,4
DA:7,1
DA:8,1
DA:9,3
DA:10,3
DA:11,1
LF:11
LH:11
BRDA:5,0,0,4
BRDA:6,1,0,1
BRDA:8,2,0,3
BRF:3
BRH:3
end_of_record
TN:
SF:src/utils/helpers/encrypter.js
FN:5,compare
FNF:1
FNH:1
FNDA:5,compare
DA:1,1
DA:2,1
DA:3,1
DA:4,1
DA:5,1
DA:6,5
DA:7,1
DA:8,1
DA:9,5
DA:10,1
DA:11,1
DA:12,3
DA:13,3
DA:14,3
DA:15,1
LF:15
LH:15
BRDA:5,0,0,5
BRDA:6,1,0,1
BRDA:8,2,0,4
BRDA:9,3,0,1
BRDA:11,4,0,3
BRF:5
BRH:5
end_of_record
TN:
SF:src/utils/helpers/token-generator.js
FN:5,TokenGenerator
FN:8,generate
FNF:2
FNH:2
FNDA:5,TokenGenerator
FNDA:5,generate
DA:1,1
DA:2,1
DA:3,1
DA:4,1
DA:5,1
DA:6,5
DA:7,5
DA:8,1
DA:9,5
DA:10,1
DA:11,1
DA:12,5
DA:13,1
DA:14,1
DA:15,3
DA:16,3
DA:17,1
LF:17
LH:17
BRDA:5,0,0,5
BRDA:8,1,0,5
BRDA:9,2,0,1
BRDA:11,3,0,4
BRDA:12,4,0,1
BRDA:14,5,0,3
BRF:6
BRH:6
end_of_record
